# JRE version: OpenJDK Runtime Environment (22.0.2+9) (build 22.0.2+9-70)
# Java VM: OpenJDK 64-Bit Server VM (22.0.2+9-70, mixed mode, sharing, tiered, compressed oops, compressed class ptrs, g1 gc, windows-amd64)
GC Precious Log:
 CardTable entry size: 512
 Card Set container configuration: InlinePtr #cards 4 size 8 Array Of Cards #cards 16 size 48 Howl #buckets 8 coarsen threshold 3686 Howl Bitmap #cards 512 size 80 coarsen threshold 460 Card regions per heap region 1 cards per card region 4096
 CPUs: 8 total, 8 available
 Memory: 16236M
 Large Page Support: Disabled
 NUMA Support: Disabled
 Compressed Oops: Enabled (Zero based)
 Heap Region Size: 2M
 Heap Min Capacity: 8M
 Heap Initial Capacity: 254M
 Heap Max Capacity: 4060M
 Pre-touch: Disabled
 Parallel Workers: 8
 Concurrent Workers: 2
 Concurrent Refinement Workers: 8
 Periodic GC: Disabled
Heap:
 garbage-first heap   total reserved 4157440K, committed 96256K, used 53613K [0x0000000702400000, 0x0000000800000000)
  region size 2048K, 9 young (18432K), 1 survivors (2048K)
 Metaspace       used 85294K, committed 86272K, reserved 1179648K
  class space    used 10938K, committed 11392K, reserved 1048576K
GC Heap History (20 events):
Event: 212.409 GC heap before
{Heap before GC invocations=328 (full 0):
 garbage-first heap   total reserved 4157440K, committed 96256K, used 83011K [0x0000000702400000, 0x0000000800000000)
  region size 2048K, 22 young (45056K), 1 survivors (2048K)
 Metaspace       used 85274K, committed 86208K, reserved 1179648K
  class space    used 10938K, committed 11392K, reserved 1048576K
}
Event: 212.410 GC heap after
{Heap after GC invocations=329 (full 0):
 garbage-first heap   total reserved 4157440K, committed 96256K, used 41836K [0x0000000702400000, 0x0000000800000000)
  region size 2048K, 1 young (2048K), 1 survivors (2048K)
 Metaspace       used 85274K, committed 86208K, reserved 1179648K
  class space    used 10938K, committed 11392K, reserved 1048576K
}
Event: 212.982 GC heap before
{Heap before GC invocations=330 (full 0):
 garbage-first heap   total reserved 4157440K, committed 96256K, used 82796K [0x0000000702400000, 0x0000000800000000)
  region size 2048K, 22 young (45056K), 1 survivors (2048K)
 Metaspace       used 85276K, committed 86208K, reserved 1179648K
  class space    used 10938K, committed 11392K, reserved 1048576K
}
Event: 212.984 GC heap after
{Heap after GC invocations=331 (full 0):
 garbage-first heap   total reserved 4157440K, committed 96256K, used 41262K [0x0000000702400000, 0x0000000800000000)
  region size 2048K, 1 young (2048K), 1 survivors (2048K)
 Metaspace       used 85276K, committed 86208K, reserved 1179648K
  class space    used 10938K, committed 11392K, reserved 1048576K
}
Event: 213.455 GC heap before
{Heap before GC invocations=331 (full 0):
 garbage-first heap   total reserved 4157440K, committed 96256K, used 82222K [0x0000000702400000, 0x0000000800000000)
  region size 2048K, 22 young (45056K), 1 survivors (2048K)
 Metaspace       used 85276K, committed 86208K, reserved 1179648K
  class space    used 10938K, committed 11392K, reserved 1048576K
}
Event: 213.456 GC heap after
{Heap after GC invocations=332 (full 0):
 garbage-first heap   total reserved 4157440K, committed 96256K, used 42937K [0x0000000702400000, 0x0000000800000000)
  region size 2048K, 1 young (2048K), 1 survivors (2048K)
 Metaspace       used 85276K, committed 86208K, reserved 1179648K
  class space    used 10938K, committed 11392K, reserved 1048576K
}
Event: 214.313 GC heap before
{Heap before GC invocations=333 (full 0):
 garbage-first heap   total reserved 4157440K, committed 96256K, used 83897K [0x0000000702400000, 0x0000000800000000)
  region size 2048K, 22 young (45056K), 1 survivors (2048K)
 Metaspace       used 85276K, committed 86208K, reserved 1179648K
  class space    used 10938K, committed 11392K, reserved 1048576K
}
Event: 214.314 GC heap after
{Heap after GC invocations=334 (full 0):
 garbage-first heap   total reserved 4157440K, committed 96256K, used 42955K [0x0000000702400000, 0x0000000800000000)
  region size 2048K, 1 young (2048K), 1 survivors (2048K)
 Metaspace       used 85276K, committed 86208K, reserved 1179648K
  class space    used 10938K, committed 11392K, reserved 1048576K
}
Event: 214.965 GC heap before
{Heap before GC invocations=334 (full 0):
 garbage-first heap   total reserved 4157440K, committed 96256K, used 83915K [0x0000000702400000, 0x0000000800000000)
  region size 2048K, 22 young (45056K), 1 survivors (2048K)
 Metaspace       used 85276K, committed 86208K, reserved 1179648K
  class space    used 10938K, committed 11392K, reserved 1048576K
}
Event: 214.966 GC heap after
{Heap after GC invocations=335 (full 0):
 garbage-first heap   total reserved 4157440K, committed 96256K, used 41570K [0x0000000702400000, 0x0000000800000000)
  region size 2048K, 1 young (2048K), 1 survivors (2048K)
 Metaspace       used 85276K, committed 86208K, reserved 1179648K
  class space    used 10938K, committed 11392K, reserved 1048576K
}
Event: 215.399 GC heap before
{Heap before GC invocations=336 (full 0):
 garbage-first heap   total reserved 4157440K, committed 96256K, used 82530K [0x0000000702400000, 0x0000000800000000)
  region size 2048K, 22 young (45056K), 1 survivors (2048K)
 Metaspace       used 85280K, committed 86272K, reserved 1179648K
  class space    used 10938K, committed 11392K, reserved 1048576K
}
Event: 215.400 GC heap after
{Heap after GC invocations=337 (full 0):
 garbage-first heap   total reserved 4157440K, committed 96256K, used 41360K [0x0000000702400000, 0x0000000800000000)
  region size 2048K, 1 young (2048K), 1 survivors (2048K)
 Metaspace       used 85280K, committed 86272K, reserved 1179648K
  class space    used 10938K, committed 11392K, reserved 1048576K
}
Event: 215.924 GC heap before
{Heap before GC invocations=337 (full 0):
 garbage-first heap   total reserved 4157440K, committed 96256K, used 82320K [0x0000000702400000, 0x0000000800000000)
  region size 2048K, 22 young (45056K), 1 survivors (2048K)
 Metaspace       used 85285K, committed 86272K, reserved 1179648K
  class space    used 10938K, committed 11392K, reserved 1048576K
}
Event: 215.926 GC heap after
{Heap after GC invocations=338 (full 0):
 garbage-first heap   total reserved 4157440K, committed 96256K, used 41265K [0x0000000702400000, 0x0000000800000000)
  region size 2048K, 1 young (2048K), 1 survivors (2048K)
 Metaspace       used 85285K, committed 86272K, reserved 1179648K
  class space    used 10938K, committed 11392K, reserved 1048576K
}
Event: 216.456 GC heap before
{Heap before GC invocations=339 (full 0):
 garbage-first heap   total reserved 4157440K, committed 96256K, used 82225K [0x0000000702400000, 0x0000000800000000)
  region size 2048K, 22 young (45056K), 1 survivors (2048K)
 Metaspace       used 85288K, committed 86272K, reserved 1179648K
  class space    used 10938K, committed 11392K, reserved 1048576K
}
Event: 216.456 GC heap after
{Heap after GC invocations=340 (full 0):
 garbage-first heap   total reserved 4157440K, committed 96256K, used 42129K [0x0000000702400000, 0x0000000800000000)
  region size 2048K, 1 young (2048K), 1 survivors (2048K)
 Metaspace       used 85288K, committed 86272K, reserved 1179648K
  class space    used 10938K, committed 11392K, reserved 1048576K
}
Event: 217.115 GC heap before
{Heap before GC invocations=340 (full 0):
 garbage-first heap   total reserved 4157440K, committed 96256K, used 83089K [0x0000000702400000, 0x0000000800000000)
  region size 2048K, 22 young (45056K), 1 survivors (2048K)
 Metaspace       used 85289K, committed 86272K, reserved 1179648K
  class space    used 10938K, committed 11392K, reserved 1048576K
}
Event: 217.116 GC heap after
{Heap after GC invocations=341 (full 0):
 garbage-first heap   total reserved 4157440K, committed 96256K, used 41571K [0x0000000702400000, 0x0000000800000000)
  region size 2048K, 1 young (2048K), 1 survivors (2048K)
 Metaspace       used 85289K, committed 86272K, reserved 1179648K
  class space    used 10938K, committed 11392K, reserved 1048576K
}
Event: 217.396 GC heap before
{Heap before GC invocations=342 (full 0):
 garbage-first heap   total reserved 4157440K, committed 96256K, used 82531K [0x0000000702400000, 0x0000000800000000)
  region size 2048K, 22 young (45056K), 1 survivors (2048K)
 Metaspace       used 85294K, committed 86272K, reserved 1179648K
  class space    used 10938K, committed 11392K, reserved 1048576K
}
Event: 217.397 GC heap after
{Heap after GC invocations=343 (full 0):
 garbage-first heap   total reserved 4157440K, committed 96256K, used 41325K [0x0000000702400000, 0x0000000800000000)
  region size 2048K, 1 young (2048K), 1 survivors (2048K)
 Metaspace       used 85294K, committed 86272K, reserved 1179648K
  class space    used 10938K, committed 11392K, reserved 1048576K
}

