# JRE version: OpenJDK Runtime Environment (22.0.2+9) (build 22.0.2+9-70)
# Java VM: OpenJDK 64-Bit Server VM (22.0.2+9-70, mixed mode, sharing, tiered, compressed oops, compressed class ptrs, g1 gc, windows-amd64)
GC Precious Log:
 CardTable entry size: 512
 Card Set container configuration: InlinePtr #cards 4 size 8 Array Of Cards #cards 16 size 48 Howl #buckets 8 coarsen threshold 3686 Howl Bitmap #cards 512 size 80 coarsen threshold 460 Card regions per heap region 1 cards per card region 4096
 CPUs: 8 total, 8 available
 Memory: 16236M
 Large Page Support: Disabled
 NUMA Support: Disabled
 Compressed Oops: Enabled (Zero based)
 Heap Region Size: 2M
 Heap Min Capacity: 8M
 Heap Initial Capacity: 254M
 Heap Max Capacity: 4060M
 Pre-touch: Disabled
 Parallel Workers: 8
 Concurrent Workers: 2
 Concurrent Refinement Workers: 8
 Periodic GC: Disabled
Heap:
 garbage-first heap   total reserved 4157440K, committed 86016K, used 40645K [0x0000000702400000, 0x0000000800000000)
  region size 2048K, 2 young (4096K), 1 survivors (2048K)
 Metaspace       used 85803K, committed 86784K, reserved 1179648K
  class space    used 11040K, committed 11520K, reserved 1048576K
GC Heap History (20 events):
Event: 127.186 GC heap before
{Heap before GC invocations=500 (full 0):
 garbage-first heap   total reserved 4157440K, committed 86016K, used 73346K [0x0000000702400000, 0x0000000800000000)
  region size 2048K, 18 young (36864K), 1 survivors (2048K)
 Metaspace       used 85755K, committed 86720K, reserved 1179648K
  class space    used 11037K, committed 11520K, reserved 1048576K
}
Event: 127.188 GC heap after
{Heap after GC invocations=501 (full 0):
 garbage-first heap   total reserved 4157440K, committed 86016K, used 40559K [0x0000000702400000, 0x0000000800000000)
  region size 2048K, 1 young (2048K), 1 survivors (2048K)
 Metaspace       used 85755K, committed 86720K, reserved 1179648K
  class space    used 11037K, committed 11520K, reserved 1048576K
}
Event: 127.401 GC heap before
{Heap before GC invocations=502 (full 0):
 garbage-first heap   total reserved 4157440K, committed 86016K, used 73327K [0x0000000702400000, 0x0000000800000000)
  region size 2048K, 18 young (36864K), 1 survivors (2048K)
 Metaspace       used 85755K, committed 86720K, reserved 1179648K
  class space    used 11037K, committed 11520K, reserved 1048576K
}
Event: 127.401 GC heap after
{Heap after GC invocations=503 (full 0):
 garbage-first heap   total reserved 4157440K, committed 86016K, used 40562K [0x0000000702400000, 0x0000000800000000)
  region size 2048K, 1 young (2048K), 1 survivors (2048K)
 Metaspace       used 85755K, committed 86720K, reserved 1179648K
  class space    used 11037K, committed 11520K, reserved 1048576K
}
Event: 127.621 GC heap before
{Heap before GC invocations=503 (full 0):
 garbage-first heap   total reserved 4157440K, committed 86016K, used 73330K [0x0000000702400000, 0x0000000800000000)
  region size 2048K, 18 young (36864K), 1 survivors (2048K)
 Metaspace       used 85756K, committed 86720K, reserved 1179648K
  class space    used 11037K, committed 11520K, reserved 1048576K
}
Event: 127.622 GC heap after
{Heap after GC invocations=504 (full 0):
 garbage-first heap   total reserved 4157440K, committed 86016K, used 40617K [0x0000000702400000, 0x0000000800000000)
  region size 2048K, 1 young (2048K), 1 survivors (2048K)
 Metaspace       used 85756K, committed 86720K, reserved 1179648K
  class space    used 11037K, committed 11520K, reserved 1048576K
}
Event: 127.823 GC heap before
{Heap before GC invocations=505 (full 0):
 garbage-first heap   total reserved 4157440K, committed 86016K, used 73385K [0x0000000702400000, 0x0000000800000000)
  region size 2048K, 18 young (36864K), 1 survivors (2048K)
 Metaspace       used 85756K, committed 86720K, reserved 1179648K
  class space    used 11037K, committed 11520K, reserved 1048576K
}
Event: 127.824 GC heap after
{Heap after GC invocations=506 (full 0):
 garbage-first heap   total reserved 4157440K, committed 86016K, used 40630K [0x0000000702400000, 0x0000000800000000)
  region size 2048K, 1 young (2048K), 1 survivors (2048K)
 Metaspace       used 85756K, committed 86720K, reserved 1179648K
  class space    used 11037K, committed 11520K, reserved 1048576K
}
Event: 128.141 GC heap before
{Heap before GC invocations=506 (full 0):
 garbage-first heap   total reserved 4157440K, committed 86016K, used 73398K [0x0000000702400000, 0x0000000800000000)
  region size 2048K, 18 young (36864K), 1 survivors (2048K)
 Metaspace       used 85756K, committed 86720K, reserved 1179648K
  class space    used 11037K, committed 11520K, reserved 1048576K
}
Event: 128.142 GC heap after
{Heap after GC invocations=507 (full 0):
 garbage-first heap   total reserved 4157440K, committed 86016K, used 40528K [0x0000000702400000, 0x0000000800000000)
  region size 2048K, 1 young (2048K), 1 survivors (2048K)
 Metaspace       used 85756K, committed 86720K, reserved 1179648K
  class space    used 11037K, committed 11520K, reserved 1048576K
}
Event: 128.369 GC heap before
{Heap before GC invocations=508 (full 0):
 garbage-first heap   total reserved 4157440K, committed 86016K, used 75344K [0x0000000702400000, 0x0000000800000000)
  region size 2048K, 18 young (36864K), 1 survivors (2048K)
 Metaspace       used 85756K, committed 86720K, reserved 1179648K
  class space    used 11037K, committed 11520K, reserved 1048576K
}
Event: 128.370 GC heap after
{Heap after GC invocations=509 (full 0):
 garbage-first heap   total reserved 4157440K, committed 86016K, used 40562K [0x0000000702400000, 0x0000000800000000)
  region size 2048K, 1 young (2048K), 1 survivors (2048K)
 Metaspace       used 85756K, committed 86720K, reserved 1179648K
  class space    used 11037K, committed 11520K, reserved 1048576K
}
Event: 128.598 GC heap before
{Heap before GC invocations=509 (full 0):
 garbage-first heap   total reserved 4157440K, committed 86016K, used 73330K [0x0000000702400000, 0x0000000800000000)
  region size 2048K, 18 young (36864K), 1 survivors (2048K)
 Metaspace       used 85782K, committed 86720K, reserved 1179648K
  class space    used 11039K, committed 11520K, reserved 1048576K
}
Event: 128.599 GC heap after
{Heap after GC invocations=510 (full 0):
 garbage-first heap   total reserved 4157440K, committed 86016K, used 40621K [0x0000000702400000, 0x0000000800000000)
  region size 2048K, 1 young (2048K), 1 survivors (2048K)
 Metaspace       used 85782K, committed 86720K, reserved 1179648K
  class space    used 11039K, committed 11520K, reserved 1048576K
}
Event: 128.960 GC heap before
{Heap before GC invocations=511 (full 0):
 garbage-first heap   total reserved 4157440K, committed 86016K, used 73389K [0x0000000702400000, 0x0000000800000000)
  region size 2048K, 18 young (36864K), 1 survivors (2048K)
 Metaspace       used 85782K, committed 86720K, reserved 1179648K
  class space    used 11040K, committed 11520K, reserved 1048576K
}
Event: 128.961 GC heap after
{Heap after GC invocations=512 (full 0):
 garbage-first heap   total reserved 4157440K, committed 86016K, used 40554K [0x0000000702400000, 0x0000000800000000)
  region size 2048K, 1 young (2048K), 1 survivors (2048K)
 Metaspace       used 85782K, committed 86720K, reserved 1179648K
  class space    used 11040K, committed 11520K, reserved 1048576K
}
Event: 129.262 GC heap before
{Heap before GC invocations=512 (full 0):
 garbage-first heap   total reserved 4157440K, committed 86016K, used 73322K [0x0000000702400000, 0x0000000800000000)
  region size 2048K, 18 young (36864K), 1 survivors (2048K)
 Metaspace       used 85783K, committed 86720K, reserved 1179648K
  class space    used 11040K, committed 11520K, reserved 1048576K
}
Event: 129.263 GC heap after
{Heap after GC invocations=513 (full 0):
 garbage-first heap   total reserved 4157440K, committed 86016K, used 40571K [0x0000000702400000, 0x0000000800000000)
  region size 2048K, 1 young (2048K), 1 survivors (2048K)
 Metaspace       used 85783K, committed 86720K, reserved 1179648K
  class space    used 11040K, committed 11520K, reserved 1048576K
}
Event: 129.513 GC heap before
{Heap before GC invocations=514 (full 0):
 garbage-first heap   total reserved 4157440K, committed 86016K, used 73339K [0x0000000702400000, 0x0000000800000000)
  region size 2048K, 18 young (36864K), 1 survivors (2048K)
 Metaspace       used 85793K, committed 86720K, reserved 1179648K
  class space    used 11040K, committed 11520K, reserved 1048576K
}
Event: 129.514 GC heap after
{Heap after GC invocations=515 (full 0):
 garbage-first heap   total reserved 4157440K, committed 86016K, used 40630K [0x0000000702400000, 0x0000000800000000)
  region size 2048K, 1 young (2048K), 1 survivors (2048K)
 Metaspace       used 85793K, committed 86720K, reserved 1179648K
  class space    used 11040K, committed 11520K, reserved 1048576K
}

